<?xml version="1.0" encoding="UTF-8"?>
<!-- Generated by org.testng.reporters.JUnitXMLReporter -->
<testsuite ignored="0" hostname="DESKTOP-8CQ8OAK" failures="0" tests="3" name="Test" time="58.765" errors="0" timestamp="2022-09-18T00:33:54 BRT">
  <testcase classname="newp.TestNgfbDemo" name="verifyBackToMessengerButton" time="3.396"/>
  <testcase classname="newp.TestNgfbDemo" name="verifyHelpCenterButton" time="2.133"/>
  <testcase classname="newp.TestNGfpkt" name="loginflipkart" time="16.952"/>
</testsuite> <!-- Test -->
